########### array before sorts ###########
0	0.000000	94.314000	0.000000	5.000000	n
1	0.000000	5.000000	0.170371	3.705905	n
2	0.170371	3.705905	0.669873	2.500000	n
3	0.669873	2.500000	1.464466	1.464466	n
4	1.464466	1.464466	2.500000	0.669873	n
5	2.500000	0.669873	3.705905	0.170371	n
6	3.705905	0.170371	5.000000	0.000000	n
7	5.000000	0.000000	94.568000	0.000000	n
8	94.568000	0.000000	95.862095	0.170371	n
9	95.862095	0.170371	97.068000	0.669873	n
10	97.068000	0.669873	98.103534	1.464466	n
11	98.103534	1.464466	98.898127	2.500000	n
12	98.898127	2.500000	99.397629	3.705905	n
13	99.397629	3.705905	99.568000	5.000000	n
14	99.568000	5.000000	99.568000	94.314000	n
15	99.568000	94.314000	99.397629	95.608095	n
16	99.397629	95.608095	98.898127	96.814000	n
17	98.898127	96.814000	98.103534	97.849534	n
18	98.103534	97.849534	97.068000	98.644127	n
19	97.068000	98.644127	95.862095	99.143629	n
20	95.862095	99.143629	94.568000	99.314000	n
21	94.568000	99.314000	5.000000	99.314000	n
22	5.000000	99.314000	3.705905	99.143629	n
23	3.705905	99.143629	2.500000	98.644127	n
24	2.500000	98.644127	1.464466	97.849534	n
25	1.464466	97.849534	0.669873	96.814000	n
26	0.669873	96.814000	0.170371	95.608095	n
27	0.170371	95.608095	0.000000	94.314000	n
Tolerance=0.050000.
*Exact match for i=0 and j=1.
*i point 0.000000	94.314000	0.000000	5.000000	y
*Exact match for i=1 and j=2.
*i point 0.000000	5.000000	0.170371	3.705905	y
*Exact match for i=2 and j=3.
*i point 0.170371	3.705905	0.669873	2.500000	y
*Exact match for i=3 and j=4.
*i point 0.669873	2.500000	1.464466	1.464466	y
*Exact match for i=4 and j=5.
*i point 1.464466	1.464466	2.500000	0.669873	y
*Exact match for i=5 and j=6.
*i point 2.500000	0.669873	3.705905	0.170371	y
*Exact match for i=6 and j=7.
*i point 3.705905	0.170371	5.000000	0.000000	y
*Exact match for i=7 and j=8.
*i point 5.000000	0.000000	94.568000	0.000000	y
*Exact match for i=8 and j=9.
*i point 94.568000	0.000000	95.862095	0.170371	y
*Exact match for i=9 and j=10.
*i point 95.862095	0.170371	97.068000	0.669873	y
*Exact match for i=10 and j=11.
*i point 97.068000	0.669873	98.103534	1.464466	y
*Exact match for i=11 and j=12.
*i point 98.103534	1.464466	98.898127	2.500000	y
*Exact match for i=12 and j=13.
*i point 98.898127	2.500000	99.397629	3.705905	y
*Exact match for i=13 and j=14.
*i point 99.397629	3.705905	99.568000	5.000000	y
*Exact match for i=14 and j=15.
*i point 99.568000	5.000000	99.568000	94.314000	y
*Exact match for i=15 and j=16.
*i point 99.568000	94.314000	99.397629	95.608095	y
*Exact match for i=16 and j=17.
*i point 99.397629	95.608095	98.898127	96.814000	y
*Exact match for i=17 and j=18.
*i point 98.898127	96.814000	98.103534	97.849534	y
*Exact match for i=18 and j=19.
*i point 98.103534	97.849534	97.068000	98.644127	y
*Exact match for i=19 and j=20.
*i point 97.068000	98.644127	95.862095	99.143629	y
*Exact match for i=20 and j=21.
*i point 95.862095	99.143629	94.568000	99.314000	y
*Exact match for i=21 and j=22.
*i point 94.568000	99.314000	5.000000	99.314000	y
*Exact match for i=22 and j=23.
*i point 5.000000	99.314000	3.705905	99.143629	y
*Exact match for i=23 and j=24.
*i point 3.705905	99.143629	2.500000	98.644127	y
*Exact match for i=24 and j=25.
*i point 2.500000	98.644127	1.464466	97.849534	y
*Exact match for i=25 and j=26.
*i point 1.464466	97.849534	0.669873	96.814000	y
*Exact match for i=26 and j=27.
*i point 0.669873	96.814000	0.170371	95.608095	y
########### array after sorts ###########
0	0.000000	94.314000	0.000000	5.000000	y
1	0.000000	5.000000	0.170371	3.705905	y
2	0.170371	3.705905	0.669873	2.500000	y
3	0.669873	2.500000	1.464466	1.464466	y
4	1.464466	1.464466	2.500000	0.669873	y
5	2.500000	0.669873	3.705905	0.170371	y
6	3.705905	0.170371	5.000000	0.000000	y
7	5.000000	0.000000	94.568000	0.000000	y
8	94.568000	0.000000	95.862095	0.170371	y
9	95.862095	0.170371	97.068000	0.669873	y
10	97.068000	0.669873	98.103534	1.464466	y
11	98.103534	1.464466	98.898127	2.500000	y
12	98.898127	2.500000	99.397629	3.705905	y
13	99.397629	3.705905	99.568000	5.000000	y
14	99.568000	5.000000	99.568000	94.314000	y
15	99.568000	94.314000	99.397629	95.608095	y
16	99.397629	95.608095	98.898127	96.814000	y
17	98.898127	96.814000	98.103534	97.849534	y
18	98.103534	97.849534	97.068000	98.644127	y
19	97.068000	98.644127	95.862095	99.143629	y
20	95.862095	99.143629	94.568000	99.314000	y
21	94.568000	99.314000	5.000000	99.314000	y
22	5.000000	99.314000	3.705905	99.143629	y
23	3.705905	99.143629	2.500000	98.644127	y
24	2.500000	98.644127	1.464466	97.849534	y
25	1.464466	97.849534	0.669873	96.814000	y
26	0.669873	96.814000	0.170371	95.608095	y
27	0.170371	95.608095	0.000000	94.314000	y
***************
.BOARD_OUTLINE UNOWNED
1.6
0     0.000000     94.314000     0
0     0.000000     5.000000     0
0     0.170371     3.705905     0
0     0.669873     2.500000     0
0     1.464466     1.464466     0
0     2.500000     0.669873     0
0     3.705905     0.170371     0
0     5.000000     0.000000     0
0     94.568000     0.000000     0
0     95.862095     0.170371     0
0     97.068000     0.669873     0
0     98.103534     1.464466     0
0     98.898127     2.500000     0
0     99.397629     3.705905     0
0     99.568000     5.000000     0
0     99.568000     94.314000     0
0     99.397629     95.608095     0
0     98.898127     96.814000     0
0     98.103534     97.849534     0
0     97.068000     98.644127     0
0     95.862095     99.143629     0
0     94.568000     99.314000     0
0     5.000000     99.314000     0
0     3.705905     99.143629     0
0     2.500000     98.644127     0
0     1.464466     97.849534     0
0     0.669873     96.814000     0
0     0.170371     95.608095     0
0     0.000000     94.314000     0
